<?xml version="1.0" encoding="UTF-8"?>
<!-- Generated by org.testng.reporters.JUnitXMLReporter -->
<testsuite ignored="1" hostname="DESKTOP-BG83L86" failures="0" tests="2" name="Default test" time="3.384" errors="0" timestamp="2025-02-07T14:16:51 IST">
  <testcase classname="com.bank.api.tests.AccountTests" name="verifyCreateUserAccount" time="2.358"/>
  <testcase classname="com.bank.api.tests.AccountTests" name="verifyGetUserAccounts" time="0.535"/>
  <testcase classname="com.bank.api.tests.AccountTests" name="verifyGetUserAccountByAccountNumber" time="0.0">
    <ignored/>
  </testcase> <!-- verifyGetUserAccountByAccountNumber -->
</testsuite> <!-- Default test -->
