<?xml version="1.0" encoding="UTF-8"?>
<!-- Generated by org.testng.reporters.JUnitXMLReporter -->
<testsuite ignored="0" hostname="DESKTOP-BG83L86" failures="0" tests="2" name="Test" time="3.314" errors="0" timestamp="2024-12-23T22:29:44 IST">
  <testcase classname="com.bank.api.tests.AuthenticationTests" name="verifySignUpWithValidData" time="2.098"/>
  <testcase classname="com.bank.api.tests.AuthenticationTests" name="verifyLoginWithValidCredentials" time="0.381"/>
</testsuite> <!-- Test -->
