<?xml version="1.0" encoding="UTF-8"?>
<testsuite xmlns:xsi="http://www.w3.org/2001/XMLSchema-instance" xsi:noNamespaceSchemaLocation="https://maven.apache.org/surefire/maven-surefire-plugin/xsd/surefire-test-report.xsd" version="3.0.1" name="TestSuite" time="15.377" tests="12" errors="0" skipped="0" failures="1">
  <properties>
[...]
</properties>
  <testcase name="testSignUp_alreadyExistUser" classname="com.bank.api.tests.AuthenticationTests" time="2.976">
    <system-out><![CDATA[Error: Username is already taken!
]]></system-out>
    <system-err><![CDATA[SLF4J: Failed to load class "org.slf4j.impl.StaticLoggerBinder".
SLF4J: Defaulting to no-operation (NOP) logger implementation
SLF4J: See http://www.slf4j.org/codes.html#StaticLoggerBinder for further details.
]]></system-err>
  </testcase>
  <testcase name="testLogin_invalidCredentials" classname="com.bank.api.tests.AuthenticationTests" time="1.474">
    <system-out><![CDATA[{
    "timestamp": "2025-02-07 08:55:40",
    "status": 401,
    "error": "Invalid Credentials",
    "message": "The username or password you entered is incorrect",
    "path": "uri=/api/auth/login",
    "solution": "Please check your credentials and try again",
    "errorCode": "AUTH_002"
}
]]></system-out>
  </testcase>
  <testcase name="testLogin_validCredentials" classname="com.bank.api.tests.AuthenticationTests" time="0.394">
    <system-out><![CDATA[{
    "token": "eyJhbGciOiJIUzI1NiJ9.eyJzdWIiOiJQcmF0aGFtOTkiLCJpYXQiOjE3Mzg5MTg1NDIsImV4cCI6MTczODkyMjE0Mn0.p7cxRaizTgUOLHXNxbyJnP9esBzJhwDRgpAukrBJ50c",
    "type": "Bearer",
    "id": 3,
    "username": "Pratham99",
    "email": "prathameshdhasade99@gmail.com",
    "roles": [
        "ROLE_USER"
    ]
}
]]></system-out>
  </testcase>
  <testcase name="testForgotPassword_validEmail" classname="com.bank.api.tests.AuthenticationTests" time="0.744">
    <system-out><![CDATA[{
    "token": "eyJhbGciOiJIUzI1NiJ9.eyJzdWIiOiJQcmF0aGFtOTkiLCJpYXQiOjE3Mzg5MTg1NDIsImV4cCI6MTczODkyMjE0Mn0.p7cxRaizTgUOLHXNxbyJnP9esBzJhwDRgpAukrBJ50c",
    "type": "Bearer",
    "id": 3,
    "username": "Pratham99",
    "email": "prathameshdhasade99@gmail.com",
    "roles": [
        "ROLE_USER"
    ]
}
{
    "message": "If your email exists in our system, you will receive reset instructions."
}
]]></system-out>
  </testcase>
  <testcase name="verifyGetUserProfile" classname="com.bank.api.tests.UserProfileManagementTests" time="0.558">
    <system-out><![CDATA[{
    "token": "eyJhbGciOiJIUzI1NiJ9.eyJzdWIiOiJQcmF0aGFtOTkiLCJpYXQiOjE3Mzg5MTg1NDMsImV4cCI6MTczODkyMjE0M30.4N0o4MQpFhPzWYQcAfKlE8-fZPyWkgwSvghCs8Sl8Oc",
    "type": "Bearer",
    "id": 3,
    "username": "Pratham99",
    "email": "prathameshdhasade99@gmail.com",
    "roles": [
        "ROLE_USER"
    ]
}
{
    "id": 3,
    "username": "Pratham99",
    "email": "prathameshdhasade99@gmail.com",
    "firstName": "Prathamesh",
    "lastName": "Dhasade",
    "mobileNumber": "9834530434"
}
]]></system-out>
  </testcase>
  <testcase name="verifyUpdateUserProfileWithPutRequest" classname="com.bank.api.tests.UserProfileManagementTests" time="0.52">
    <system-out><![CDATA[{
    "token": "eyJhbGciOiJIUzI1NiJ9.eyJzdWIiOiJQcmF0aGFtOTkiLCJpYXQiOjE3Mzg5MTg1NDMsImV4cCI6MTczODkyMjE0M30.4N0o4MQpFhPzWYQcAfKlE8-fZPyWkgwSvghCs8Sl8Oc",
    "type": "Bearer",
    "id": 3,
    "username": "Pratham99",
    "email": "prathameshdhasade99@gmail.com",
    "roles": [
        "ROLE_USER"
    ]
}
{
    "id": 3,
    "username": "Pratham99",
    "email": "prathameshdhasade99@gmail.com",
    "firstName": "Prathamesh",
    "lastName": "Dhasade",
    "mobileNumber": "9834530434"
}
]]></system-out>
  </testcase>
  <testcase name="verifyUpdateUserProfileWithPatchRequest" classname="com.bank.api.tests.UserProfileManagementTests" time="0.478">
    <system-out><![CDATA[{
    "token": "eyJhbGciOiJIUzI1NiJ9.eyJzdWIiOiJQcmF0aGFtOTkiLCJpYXQiOjE3Mzg5MTg1NDQsImV4cCI6MTczODkyMjE0NH0.KlnFuziRmKlUIhMhGwTa1LQ_aze66qwDdqWiLLJIfIw",
    "type": "Bearer",
    "id": 3,
    "username": "Pratham99",
    "email": "prathameshdhasade99@gmail.com",
    "roles": [
        "ROLE_USER"
    ]
}
{
    "id": 3,
    "username": "Pratham99",
    "email": "prathameshdhasade99@gmail.com",
    "firstName": "Prathamesh",
    "lastName": "Dhasade",
    "mobileNumber": "9834530434"
}
]]></system-out>
  </testcase>
  <testcase name="verifyChangePassword" classname="com.bank.api.tests.UserProfileManagementTests" time="0.859">
    <system-out><![CDATA[{
    "token": "eyJhbGciOiJIUzI1NiJ9.eyJzdWIiOiJQcmF0aGFtOTkiLCJpYXQiOjE3Mzg5MTg1NDQsImV4cCI6MTczODkyMjE0NH0.KlnFuziRmKlUIhMhGwTa1LQ_aze66qwDdqWiLLJIfIw",
    "type": "Bearer",
    "id": 3,
    "username": "Pratham99",
    "email": "prathameshdhasade99@gmail.com",
    "roles": [
        "ROLE_USER"
    ]
}

]]></system-out>
  </testcase>
  <testcase name="verifyDeleteUserProfile" classname="com.bank.api.tests.UserProfileManagementTests" time="0.554">
    <failure message="expected [User profile deleted successfully] but found [{&#10;    &quot;timestamp&quot;: &quot;2025-02-07 08:55:45&quot;,&#10;    &quot;status&quot;: 500,&#10;    &quot;error&quot;: &quot;System Error&quot;,&#10;    &quot;message&quot;: &quot;An unexpected error occurred&quot;,&#10;    &quot;path&quot;: &quot;uri=/api/users/profile&quot;,&#10;    &quot;solution&quot;: &quot;Please try again later or contact support&quot;,&#10;    &quot;errorCode&quot;: &quot;SYS_001&quot;&#10;}]" type="java.lang.AssertionError"><![CDATA[java.lang.AssertionError: 
expected [User profile deleted successfully] but found [{
    "timestamp": "2025-02-07 08:55:45",
    "status": 500,
    "error": "System Error",
    "message": "An unexpected error occurred",
    "path": "uri=/api/users/profile",
    "solution": "Please try again later or contact support",
    "errorCode": "SYS_001"
}]
	at org.testng.Assert.fail(Assert.java:111)
	at org.testng.Assert.failNotEquals(Assert.java:1578)
	at org.testng.Assert.assertEqualsImpl(Assert.java:150)
	at org.testng.Assert.assertEquals(Assert.java:132)
	at org.testng.Assert.assertEquals(Assert.java:656)
	at org.testng.Assert.assertEquals(Assert.java:666)
	at com.bank.api.tests.UserProfileManagementTests.verifyDeleteUserProfile(UserProfileManagementTests.java:143)
	at java.base/jdk.internal.reflect.DirectMethodHandleAccessor.invoke(DirectMethodHandleAccessor.java:103)
	at java.base/java.lang.reflect.Method.invoke(Method.java:580)
	at org.testng.internal.invokers.MethodInvocationHelper.invokeMethod(MethodInvocationHelper.java:141)
	at org.testng.internal.invokers.TestInvoker.invokeMethod(TestInvoker.java:686)
	at org.testng.internal.invokers.TestInvoker.invokeTestMethod(TestInvoker.java:230)
	at org.testng.internal.invokers.MethodRunner.runInSequence(MethodRunner.java:63)
	at org.testng.internal.invokers.TestInvoker$MethodInvocationAgent.invoke(TestInvoker.java:992)
	at org.testng.internal.invokers.TestInvoker.invokeTestMethods(TestInvoker.java:203)
	at org.testng.internal.invokers.TestMethodWorker.invokeTestMethods(TestMethodWorker.java:154)
	at org.testng.internal.invokers.TestMethodWorker.run(TestMethodWorker.java:134)
	at java.base/java.util.ArrayList.forEach(ArrayList.java:1596)
	at org.testng.TestRunner.privateRun(TestRunner.java:739)
	at org.testng.TestRunner.run(TestRunner.java:614)
	at org.testng.SuiteRunner.runTest(SuiteRunner.java:421)
	at org.testng.SuiteRunner.runSequentially(SuiteRunner.java:413)
	at org.testng.SuiteRunner.privateRun(SuiteRunner.java:373)
	at org.testng.SuiteRunner.run(SuiteRunner.java:312)
	at org.testng.SuiteRunnerWorker.runSuite(SuiteRunnerWorker.java:52)
	at org.testng.SuiteRunnerWorker.run(SuiteRunnerWorker.java:95)
	at org.testng.TestNG.runSuitesSequentially(TestNG.java:1274)
	at org.testng.TestNG.runSuitesLocally(TestNG.java:1208)
	at org.testng.TestNG.runSuites(TestNG.java:1112)
	at org.testng.TestNG.run(TestNG.java:1079)
	at org.apache.maven.surefire.testng.TestNGExecutor.run(TestNGExecutor.java:308)
	at org.apache.maven.surefire.testng.TestNGXmlTestSuite.execute(TestNGXmlTestSuite.java:71)
	at org.apache.maven.surefire.testng.TestNGProvider.invoke(TestNGProvider.java:113)
	at org.apache.maven.surefire.booter.ForkedBooter.runSuitesInProcess(ForkedBooter.java:385)
	at org.apache.maven.surefire.booter.ForkedBooter.execute(ForkedBooter.java:162)
	at org.apache.maven.surefire.booter.ForkedBooter.run(ForkedBooter.java:507)
	at org.apache.maven.surefire.booter.ForkedBooter.main(ForkedBooter.java:495)
]]></failure>
    <system-out><![CDATA[{
    "token": "eyJhbGciOiJIUzI1NiJ9.eyJzdWIiOiJQcmF0aGFtOTkiLCJpYXQiOjE3Mzg5MTg1NDUsImV4cCI6MTczODkyMjE0NX0.0iqZz7QHxDLjLfX0BjcRhfcGuyooFVp2S5XUe2F7CNo",
    "type": "Bearer",
    "id": 3,
    "username": "Pratham99",
    "email": "prathameshdhasade99@gmail.com",
    "roles": [
        "ROLE_USER"
    ]
}
{
    "timestamp": "2025-02-07 08:55:45",
    "status": 500,
    "error": "System Error",
    "message": "An unexpected error occurred",
    "path": "uri=/api/users/profile",
    "solution": "Please try again later or contact support",
    "errorCode": "SYS_001"
}
]]></system-out>
  </testcase>
  <testcase name="verifyCreateUserAccount" classname="com.bank.api.tests.AccountTests" time="0.558">
    <system-out><![CDATA[{
    "token": "eyJhbGciOiJIUzI1NiJ9.eyJzdWIiOiJQcmF0aGFtOTkiLCJpYXQiOjE3Mzg5MTg1NDYsImV4cCI6MTczODkyMjE0Nn0.vSnuIcWJOQRitGI6AwevWdkGvAaWaNrVGoYcdJnn9ks",
    "type": "Bearer",
    "id": 3,
    "username": "Pratham99",
    "email": "prathameshdhasade99@gmail.com",
    "roles": [
        "ROLE_USER"
    ]
}
{
    "accountNumber": "8918546530",
    "accountType": "SAVINGS",
    "balance": 0,
    "status": "ACTIVE",
    "branch": "Pune",
    "createdAt": "2025-02-07T08:55:46.530469646",
    "ownerName": "Prathamesh Dhasade"
}
]]></system-out>
  </testcase>
  <testcase name="verifyGetUserAccountByAccountNumber" classname="com.bank.api.tests.AccountTests" time="0.494">
    <system-out><![CDATA[{
    "token": "eyJhbGciOiJIUzI1NiJ9.eyJzdWIiOiJQcmF0aGFtOTkiLCJpYXQiOjE3Mzg5MTg1NDYsImV4cCI6MTczODkyMjE0Nn0.vSnuIcWJOQRitGI6AwevWdkGvAaWaNrVGoYcdJnn9ks",
    "type": "Bearer",
    "id": 3,
    "username": "Pratham99",
    "email": "prathameshdhasade99@gmail.com",
    "roles": [
        "ROLE_USER"
    ]
}
{
    "accountNumber": "8918546530",
    "accountType": "SAVINGS",
    "balance": 0.00,
    "status": "ACTIVE",
    "branch": "Pune",
    "createdAt": "2025-02-07T08:55:46.53047",
    "ownerName": "Prathamesh Dhasade"
}
]]></system-out>
  </testcase>
  <testcase name="verifyGetUserAccounts" classname="com.bank.api.tests.AccountTests" time="0.446">
    <system-out><![CDATA[{
    "token": "eyJhbGciOiJIUzI1NiJ9.eyJzdWIiOiJQcmF0aGFtOTkiLCJpYXQiOjE3Mzg5MTg1NDcsImV4cCI6MTczODkyMjE0N30.xUrtAuAdPZsdNc-PdE6XAAXcBXrAKbjNomFoNSOMWIE",
    "type": "Bearer",
    "id": 3,
    "username": "Pratham99",
    "email": "prathameshdhasade99@gmail.com",
    "roles": [
        "ROLE_USER"
    ]
}
[
    {
        "accountNumber": "8917885655",
        "accountType": "SAVINGS",
        "balance": 0.00,
        "status": "ACTIVE",
        "branch": "Pune",
        "createdAt": "2025-02-07T08:44:45.655229",
        "ownerName": "Prathamesh Dhasade"
    },
    {
        "accountNumber": "8917952055",
        "accountType": "CURRENT",
        "balance": 0.00,
        "status": "ACTIVE",
        "branch": "Pune",
        "createdAt": "2025-02-07T08:45:52.055416",
        "ownerName": "Prathamesh Dhasade"
    },
    {
        "accountNumber": "8917970091",
        "accountType": "CURRENT",
        "balance": 0.00,
        "status": "ACTIVE",
        "branch": "Pune",
        "createdAt": "2025-02-07T08:46:10.091826",
        "ownerName": "Prathamesh Dhasade"
    },
    {
        "accountNumber": "8918010487",
        "accountType": "CURRENT",
        "balance": 0.00,
        "status": "ACTIVE",
        "branch": "Pune",
        "createdAt": "2025-02-07T08:46:50.48783",
        "ownerName": "Prathamesh Dhasade"
    },
    {
        "accountNumber": "8918546530",
        "accountType": "SAVINGS",
        "balance": 0.00,
        "status": "ACTIVE",
        "branch": "Pune",
        "createdAt": "2025-02-07T08:55:46.53047",
        "ownerName": "Prathamesh Dhasade"
    }
]
]]></system-out>
  </testcase>
</testsuite>