<?xml version="1.0" encoding="UTF-8"?>
<testng-results ignored="0" total="2" passed="2" failed="0" skipped="0">
  <reporter-output>
  </reporter-output>
  <suite started-at="2025-02-07T14:16:47 IST" name="Default suite" finished-at="2025-02-07T14:16:51 IST" duration-ms="3384">
    <groups>
    </groups>
    <test started-at="2025-02-07T14:16:47 IST" name="Default test" finished-at="2025-02-07T14:16:51 IST" duration-ms="3384">
      <class name="com.bank.api.tests.AccountTests">
        <test-method is-config="true" signature="extentReportSetup()[pri:0, instance:com.bank.api.tests.AccountTests@1bb5a082]" started-at="2025-02-07T14:16:47 IST" name="extentReportSetup" finished-at="2025-02-07T14:16:47 IST" duration-ms="236" status="PASS">
          <reporter-output>
          </reporter-output>
        </test-method> <!-- extentReportSetup -->
        <test-method is-config="true" signature="createExtentReportForEachTestMethod(org.testng.ITestResult)[pri:0, instance:com.bank.api.tests.AccountTests@1bb5a082]" started-at="2025-02-07T14:16:48 IST" name="createExtentReportForEachTestMethod" finished-at="2025-02-07T14:16:48 IST" duration-ms="8" status="PASS">
          <params>
            <param index="0">
              <value>
                <![CDATA[[TestResult name={null} status=CREATED method=AccountTests.verifyCreateUserAccount()[pri:1, instance:com.bank.api.tests.AccountTests@1bb5a082] output={null}]]]>
              </value>
            </param>
          </params>
          <reporter-output>
          </reporter-output>
        </test-method> <!-- createExtentReportForEachTestMethod -->
        <test-method signature="verifyCreateUserAccount()[pri:1, instance:com.bank.api.tests.AccountTests@1bb5a082]" started-at="2025-02-07T14:16:48 IST" name="verifyCreateUserAccount" finished-at="2025-02-07T14:16:50 IST" duration-ms="2358" status="PASS">
          <reporter-output>
          </reporter-output>
        </test-method> <!-- verifyCreateUserAccount -->
        <test-method is-config="true" signature="testMethodExecutionResult(org.testng.ITestResult)[pri:0, instance:com.bank.api.tests.AccountTests@1bb5a082]" started-at="2025-02-07T14:16:50 IST" name="testMethodExecutionResult" finished-at="2025-02-07T14:16:50 IST" duration-ms="8" status="PASS">
          <params>
            <param index="0">
              <value>
                <![CDATA[[TestResult name=verifyCreateUserAccount status=SUCCESS method=AccountTests.verifyCreateUserAccount()[pri:1, instance:com.bank.api.tests.AccountTests@1bb5a082] output={null}]]]>
              </value>
            </param>
          </params>
          <reporter-output>
          </reporter-output>
        </test-method> <!-- testMethodExecutionResult -->
        <test-method is-config="true" signature="createExtentReportForEachTestMethod(org.testng.ITestResult)[pri:0, instance:com.bank.api.tests.AccountTests@1bb5a082]" started-at="2025-02-07T14:16:50 IST" name="createExtentReportForEachTestMethod" finished-at="2025-02-07T14:16:50 IST" duration-ms="1" status="PASS">
          <params>
            <param index="0">
              <value>
                <![CDATA[[TestResult name={null} status=CREATED method=AccountTests.verifyGetUserAccounts()[pri:3, instance:com.bank.api.tests.AccountTests@1bb5a082] output={null}]]]>
              </value>
            </param>
          </params>
          <reporter-output>
          </reporter-output>
        </test-method> <!-- createExtentReportForEachTestMethod -->
        <test-method signature="verifyGetUserAccounts()[pri:3, instance:com.bank.api.tests.AccountTests@1bb5a082]" started-at="2025-02-07T14:16:50 IST" name="verifyGetUserAccounts" finished-at="2025-02-07T14:16:51 IST" depends-on-methods="com.bank.api.tests.AccountTests.verifyCreateUserAccount" duration-ms="535" status="PASS">
          <reporter-output>
          </reporter-output>
        </test-method> <!-- verifyGetUserAccounts -->
        <test-method is-config="true" signature="testMethodExecutionResult(org.testng.ITestResult)[pri:0, instance:com.bank.api.tests.AccountTests@1bb5a082]" started-at="2025-02-07T14:16:51 IST" name="testMethodExecutionResult" finished-at="2025-02-07T14:16:51 IST" duration-ms="1" status="PASS">
          <params>
            <param index="0">
              <value>
                <![CDATA[[TestResult name=verifyGetUserAccounts status=SUCCESS method=AccountTests.verifyGetUserAccounts()[pri:3, instance:com.bank.api.tests.AccountTests@1bb5a082] output={null}]]]>
              </value>
            </param>
          </params>
          <reporter-output>
          </reporter-output>
        </test-method> <!-- testMethodExecutionResult -->
        <test-method is-config="true" signature="tearDown()[pri:0, instance:com.bank.api.tests.AccountTests@1bb5a082]" started-at="2025-02-07T14:16:51 IST" name="tearDown" finished-at="2025-02-07T14:16:51 IST" duration-ms="431" status="PASS">
          <reporter-output>
          </reporter-output>
        </test-method> <!-- tearDown -->
      </class> <!-- com.bank.api.tests.AccountTests -->
    </test> <!-- Default test -->
  </suite> <!-- Default suite -->
</testng-results>
